INFO: 2022-01-07 02:02:07,998: main() 'Using profile folder /home/ar0177417/.config/variety/'
INFO: 2022-01-07 02:02:08,025: perform_upgrade() 'Last run version was 0.8.5 or earlier, current version is 0.8.5'
ERROR: 2022-01-07 02:02:08,025: perform_upgrade() 'Error during version upgrade. Continuing.'
Traceback (most recent call last):
  File "/usr/lib/python3.10/site-packages/variety/VarietyWindow.py", line 2192, in perform_upgrade
    if Util.compare_versions(last_version, "0.4.13") < 0:
  File "/usr/lib/python3.10/site-packages/variety/Util.py", line 747, in compare_versions
    from pkg_resources import parse_version
ModuleNotFoundError: No module named 'pkg_resources'
INFO: 2022-01-07 02:02:08,028: process_command() 'Received command: []'
INFO: 2022-01-07 02:02:08,036: load_banned() 'Missing or invalid banned URLs list, no URLs will be banned'
INFO: 2022-01-07 02:02:08,087: start() 'Using data_path /usr/share/variety'
INFO: 2022-01-07 02:02:08,088: load() 'Jumble loading'
INFO: 2022-01-07 02:02:08,088: _walk_modules() 'Jumble loading module in __init__ from /usr/lib/python3.10/site-packages/variety/plugins/builtin/__init__.py'
INFO: 2022-01-07 02:02:08,112: _walk_modules() 'Jumble loading module in LocalFilesSource from /usr/lib/python3.10/site-packages/variety/plugins/builtin/quotes/LocalFilesSource.py'
INFO: 2022-01-07 02:02:08,113: load() 'Jumble found plugin class: <class 'LocalFilesSource.LocalFilesSource'>: {'name': 'Local text files', 'description': 'Displays quotes, defined in local text files.\nPut your own txt files in: ~/.config/variety/pluginconfig/quotes/.\nThe file format is:\n\nquote -- author\n.\nsecond quote -- another author\n.\netc...\n\nExample: http://rvelthuis.de/zips/quotes.txt', 'author': 'Peter Levi', 'version': '0.1'}'
INFO: 2022-01-07 02:02:08,114: _walk_modules() 'Jumble loading module in UrbanDictionarySource from /usr/lib/python3.10/site-packages/variety/plugins/builtin/quotes/UrbanDictionarySource.py'
INFO: 2022-01-07 02:02:08,115: load() 'Jumble found plugin class: <class 'UrbanDictionarySource.UrbanDictionarySource'>: {'name': 'Urban Dictionary', 'description': 'Displays definitions from Urban Dictionary', 'author': 'James Miller', 'version': '0.1'}'
INFO: 2022-01-07 02:02:08,116: _walk_modules() 'Jumble loading module in FortuneSource from /usr/lib/python3.10/site-packages/variety/plugins/builtin/quotes/FortuneSource.py'
INFO: 2022-01-07 02:02:08,117: load() 'Jumble found plugin class: <class 'FortuneSource.FortuneSource'>: {'name': 'UNIX fortune program', 'description': 'Displays quotes using the UNIX fortune program. You may want to install additional fortune packs, e.g. fortunes-bofh-excuses.', 'author': 'Dan Jones', 'version': '0.1'}'
INFO: 2022-01-07 02:02:08,118: _walk_modules() 'Jumble loading module in QuotationsPageSource from /usr/lib/python3.10/site-packages/variety/plugins/builtin/quotes/QuotationsPageSource.py'
ERROR: 2022-01-07 02:02:08,164: _walk_modules() 'Could not load plugin module /usr/lib/python3.10/site-packages/variety/plugins/builtin/quotes/QuotationsPageSource.py'
Traceback (most recent call last):
  File "/usr/lib/python3.10/site-packages/jumble/Jumble.py", line 45, in _walk_modules
    yield imp.load_module(name, *info), path
  File "/usr/lib/python3.10/imp.py", line 235, in load_module
    return load_source(name, filename, file)
  File "/usr/lib/python3.10/imp.py", line 172, in load_source
    module = _load(spec)
  File "<frozen importlib._bootstrap>", line 719, in _load
  File "<frozen importlib._bootstrap>", line 688, in _load_unlocked
  File "<frozen importlib._bootstrap_external>", line 883, in exec_module
  File "<frozen importlib._bootstrap>", line 241, in _call_with_frames_removed
  File "/usr/lib/python3.10/site-packages/variety/plugins/builtin/quotes/QuotationsPageSource.py", line 22, in <module>
    from httplib2 import iri2uri
  File "/usr/lib/python3.10/site-packages/httplib2/__init__.py", line 52, in <module>
    from . import auth
  File "/usr/lib/python3.10/site-packages/httplib2/auth.py", line 4, in <module>
    import pyparsing as pp
ModuleNotFoundError: No module named 'pyparsing'
INFO: 2022-01-07 02:02:08,178: _walk_modules() 'Jumble loading module in __init__ from /usr/lib/python3.10/site-packages/variety/plugins/builtin/quotes/__init__.py'
INFO: 2022-01-07 02:02:08,179: _walk_modules() 'Jumble loading module in GoodreadsSource from /usr/lib/python3.10/site-packages/variety/plugins/builtin/quotes/GoodreadsSource.py'
ERROR: 2022-01-07 02:02:08,182: _walk_modules() 'Could not load plugin module /usr/lib/python3.10/site-packages/variety/plugins/builtin/quotes/GoodreadsSource.py'
Traceback (most recent call last):
  File "/usr/lib/python3.10/site-packages/jumble/Jumble.py", line 45, in _walk_modules
    yield imp.load_module(name, *info), path
  File "/usr/lib/python3.10/imp.py", line 235, in load_module
    return load_source(name, filename, file)
  File "/usr/lib/python3.10/imp.py", line 172, in load_source
    module = _load(spec)
  File "<frozen importlib._bootstrap>", line 719, in _load
  File "<frozen importlib._bootstrap>", line 688, in _load_unlocked
  File "<frozen importlib._bootstrap_external>", line 883, in exec_module
  File "<frozen importlib._bootstrap>", line 241, in _call_with_frames_removed
  File "/usr/lib/python3.10/site-packages/variety/plugins/builtin/quotes/GoodreadsSource.py", line 21, in <module>
    from httplib2 import iri2uri
  File "/usr/lib/python3.10/site-packages/httplib2/__init__.py", line 52, in <module>
    from . import auth
  File "/usr/lib/python3.10/site-packages/httplib2/auth.py", line 4, in <module>
    import pyparsing as pp
ModuleNotFoundError: No module named 'pyparsing'
INFO: 2022-01-07 02:02:08,208: _walk_modules() 'Jumble loading module in WallhavenSource from /usr/lib/python3.10/site-packages/variety/plugins/builtin/downloaders/WallhavenSource.py'
INFO: 2022-01-07 02:02:08,214: load() 'Jumble found plugin class: <class 'WallhavenSource.WallhavenSource'>: {'name': 'WallhavenSource', 'description': 'Configurable source for fetching images from Wallhaven.cc', 'author': 'Peter Levi', 'version': '0.1'}'
INFO: 2022-01-07 02:02:08,215: _walk_modules() 'Jumble loading module in BingDownloader from /usr/lib/python3.10/site-packages/variety/plugins/builtin/downloaders/BingDownloader.py'
INFO: 2022-01-07 02:02:08,216: load() 'Jumble found plugin class: <class 'BingDownloader.BingDownloader'>: {'name': 'BingDownloader', 'description': 'Bing Photo of the Day', 'author': 'Peter Levi', 'version': '0.1'}'
INFO: 2022-01-07 02:02:08,217: _walk_modules() 'Jumble loading module in UnsplashDownloader from /usr/lib/python3.10/site-packages/variety/plugins/builtin/downloaders/UnsplashDownloader.py'
INFO: 2022-01-07 02:02:08,218: load() 'Jumble found plugin class: <class 'UnsplashDownloader.UnsplashDownloader'>: {'name': 'UnsplashDownloader', 'description': 'High-resolution photos from Unsplash.com', 'author': 'Peter Levi', 'version': '0.1'}'
INFO: 2022-01-07 02:02:08,218: _walk_modules() 'Jumble loading module in UnsplashConfigurableSource from /usr/lib/python3.10/site-packages/variety/plugins/builtin/downloaders/UnsplashConfigurableSource.py'
INFO: 2022-01-07 02:02:08,220: load() 'Jumble found plugin class: <class 'UnsplashConfigurableSource.UnsplashConfigurableSource'>: {'name': 'UnsplashConfigurableSource', 'description': 'Configurable source for fetching photos from Unsplash.com', 'author': 'Peter Levi', 'version': '0.1'}'
INFO: 2022-01-07 02:02:08,221: _walk_modules() 'Jumble loading module in MediaRSSSource from /usr/lib/python3.10/site-packages/variety/plugins/builtin/downloaders/MediaRSSSource.py'
INFO: 2022-01-07 02:02:08,223: load() 'Jumble found plugin class: <class 'MediaRSSSource.MediaRSSSource'>: {'name': 'MediaRSSSource', 'description': 'Configurable source for fetching images from MediaRSS feeds', 'author': 'Peter Levi', 'version': '0.1'}'
INFO: 2022-01-07 02:02:08,224: _walk_modules() 'Jumble loading module in RedditDownloader from /usr/lib/python3.10/site-packages/variety/plugins/builtin/downloaders/RedditDownloader.py'
INFO: 2022-01-07 02:02:08,227: _walk_modules() 'Jumble loading module in RedditSource from /usr/lib/python3.10/site-packages/variety/plugins/builtin/downloaders/RedditSource.py'
INFO: 2022-01-07 02:02:08,229: load() 'Jumble found plugin class: <class 'RedditSource.RedditSource'>: {'name': 'RedditSource', 'description': 'Configurable source for fetching images from Reddit', 'author': 'Peter Levi', 'version': '0.1'}'
INFO: 2022-01-07 02:02:08,229: _walk_modules() 'Jumble loading module in WallhavenDownloader from /usr/lib/python3.10/site-packages/variety/plugins/builtin/downloaders/WallhavenDownloader.py'
INFO: 2022-01-07 02:02:08,231: _walk_modules() 'Jumble loading module in EarthviewDownloader from /usr/lib/python3.10/site-packages/variety/plugins/builtin/downloaders/EarthviewDownloader.py'
INFO: 2022-01-07 02:02:08,232: load() 'Jumble found plugin class: <class 'EarthviewDownloader.EarthviewDownloader'>: {'name': 'EarthviewDownloader', 'description': 'Google Earth View Wallpapers', 'author': 'Peter Levi', 'version': '0.1'}'
INFO: 2022-01-07 02:02:08,233: _walk_modules() 'Jumble loading module in __init__ from /usr/lib/python3.10/site-packages/variety/plugins/builtin/downloaders/__init__.py'
INFO: 2022-01-07 02:02:08,234: _walk_modules() 'Jumble loading module in MediaRSSDownloader from /usr/lib/python3.10/site-packages/variety/plugins/builtin/downloaders/MediaRSSDownloader.py'
INFO: 2022-01-07 02:02:08,236: _walk_modules() 'Jumble loading module in APODDownloader from /usr/lib/python3.10/site-packages/variety/plugins/builtin/downloaders/APODDownloader.py'
INFO: 2022-01-07 02:02:08,237: load() 'Jumble found plugin class: <class 'APODDownloader.APODDownloader'>: {'name': 'APODDownloader', 'description': 'NASA Astro Pic of the Day', 'author': 'Peter Levi', 'version': '0.1'}'
ERROR: 2022-01-07 02:02:08,240: get_xdg_pictures_folder() 'Could not get path to Pictures folder. Defaulting to ~/Pictures.'
Traceback (most recent call last):
  File "/usr/lib/python3.10/site-packages/variety/Util.py", line 794, in get_xdg_pictures_folder
    raise Exception("Could not get path to Pictures folder. Defaulting to ~/Pictures.")
Exception: Could not get path to Pictures folder. Defaulting to ~/Pictures.
ERROR: 2022-01-07 02:02:08,258: get_xdg_pictures_folder() 'Could not get path to Pictures folder. Defaulting to ~/Pictures.'
Traceback (most recent call last):
  File "/usr/lib/python3.10/site-packages/variety/Util.py", line 794, in get_xdg_pictures_folder
    raise Exception("Could not get path to Pictures folder. Defaulting to ~/Pictures.")
Exception: Could not get path to Pictures folder. Defaulting to ~/Pictures.
INFO: 2022-01-07 02:02:08,260: reload_config() 'Creating new downloader for type flickr, location user:www.flickr.com/photos/peter-levi/;user_id:93647178@N00;'
INFO: 2022-01-07 02:02:08,260: reload_config() 'Creating new downloader for type apod, location NASA's Astronomy Picture of the Day'
INFO: 2022-01-07 02:02:08,260: reload_config() 'Creating new downloader for type bing, location Bing Photo of the Day'
INFO: 2022-01-07 02:02:08,261: reload_config() 'Creating new downloader for type earthview, location Google Earth View Wallpapers'
INFO: 2022-01-07 02:02:08,261: reload_config() 'Creating new downloader for type unsplash, location High-resolution photos from Unsplash.com'
INFO: 2022-01-07 02:02:08,305: log_options() 'Loaded options:'
INFO: 2022-01-07 02:02:08,306: log_options() 'change_enabled = True'
INFO: 2022-01-07 02:02:08,306: log_options() 'change_interval = 300'
INFO: 2022-01-07 02:02:08,306: log_options() 'change_on_start = False'
INFO: 2022-01-07 02:02:08,306: log_options() 'clipboard_enabled = False'
INFO: 2022-01-07 02:02:08,306: log_options() 'clipboard_hosts = ['wallhaven.cc', 'wallpapers.net', 'flickr.com', 'imgur.com', 'deviantart.com', 'interfacelift.com', 'vladstudio.com', 'imageshack.us', 'deviantart.net', 'imageshack.com']'
INFO: 2022-01-07 02:02:08,306: log_options() 'clipboard_use_whitelist = True'
INFO: 2022-01-07 02:02:08,306: log_options() 'clock_date_font = Ubuntu Condensed, 30'
INFO: 2022-01-07 02:02:08,307: log_options() 'clock_enabled = False'
INFO: 2022-01-07 02:02:08,307: log_options() 'clock_filter = -density 100 -font `fc-match -f '%{file[0]}' '%CLOCK_FONT_NAME'` -pointsize %CLOCK_FONT_SIZE -gravity SouthEast -fill '#00000044' -annotate 0x0+[%HOFFSET+58]+[%VOFFSET+108] '%H:%M' -fill white -annotate 0x0+[%HOFFSET+60]+[%VOFFSET+110] '%H:%M' -font `fc-match -f '%{file[0]}' '%DATE_FONT_NAME'` -pointsize %DATE_FONT_SIZE -fill '#00000044' -annotate 0x0+[%HOFFSET+58]+[%VOFFSET+58] '%A, %B %d' -fill white -annotate 0x0+[%HOFFSET+60]+[%VOFFSET+60] '%A, %B %d''
INFO: 2022-01-07 02:02:08,307: log_options() 'clock_font = Ubuntu Condensed, 70'
INFO: 2022-01-07 02:02:08,307: log_options() 'configfile = /home/ar0177417/.config/variety/variety.conf'
INFO: 2022-01-07 02:02:08,307: log_options() 'copyto_enabled = False'
INFO: 2022-01-07 02:02:08,307: log_options() 'copyto_folder = Default'
INFO: 2022-01-07 02:02:08,308: log_options() 'desired_color = [160, 160, 160]'
INFO: 2022-01-07 02:02:08,308: log_options() 'desired_color_enabled = False'
INFO: 2022-01-07 02:02:08,308: log_options() 'download_folder = /home/ar0177417/.config/variety/Downloaded'
INFO: 2022-01-07 02:02:08,308: log_options() 'download_preference_ratio = 0.9'
INFO: 2022-01-07 02:02:08,308: log_options() 'favorites_folder = /home/ar0177417/.wallpapers'
INFO: 2022-01-07 02:02:08,308: log_options() 'favorites_operations = [['Downloaded', 'Copy'], ['Fetched', 'Move'], ['Others', 'Copy']]'
INFO: 2022-01-07 02:02:08,308: log_options() 'fetched_folder = /home/ar0177417/.wallpapers'
INFO: 2022-01-07 02:02:08,308: log_options() 'filters = [[False, 'Keep original', ''], [False, 'Grayscale', '-type Grayscale'], [False, 'Heavy blur', '-blur 120x40'], [False, 'Soft blur', '-blur 20x7'], [False, 'Oil painting', '-paint 8'], [False, 'Pointilism', '-spread 10 -noise 3'], [False, 'Pixellate', '-scale 3% -scale 3333%']]'
INFO: 2022-01-07 02:02:08,308: log_options() 'icon = Light'
INFO: 2022-01-07 02:02:08,308: log_options() 'lightness_enabled = False'
INFO: 2022-01-07 02:02:08,308: log_options() 'lightness_mode = 0'
INFO: 2022-01-07 02:02:08,309: log_options() 'min_rating = 4'
INFO: 2022-01-07 02:02:08,309: log_options() 'min_rating_enabled = False'
INFO: 2022-01-07 02:02:08,309: log_options() 'min_size = 80'
INFO: 2022-01-07 02:02:08,309: log_options() 'min_size_enabled = False'
INFO: 2022-01-07 02:02:08,309: log_options() 'quota_enabled = True'
INFO: 2022-01-07 02:02:08,309: log_options() 'quota_size = 1000'
INFO: 2022-01-07 02:02:08,309: log_options() 'quotes_authors = '
INFO: 2022-01-07 02:02:08,309: log_options() 'quotes_bg_color = [80, 80, 80]'
INFO: 2022-01-07 02:02:08,309: log_options() 'quotes_bg_opacity = 55'
INFO: 2022-01-07 02:02:08,309: log_options() 'quotes_change_enabled = False'
INFO: 2022-01-07 02:02:08,309: log_options() 'quotes_change_interval = 300'
INFO: 2022-01-07 02:02:08,309: log_options() 'quotes_disabled_sources = ['Urban Dictionary']'
INFO: 2022-01-07 02:02:08,309: log_options() 'quotes_enabled = False'
INFO: 2022-01-07 02:02:08,309: log_options() 'quotes_favorites_file = /home/ar0177417/.config/variety/favorite_quotes.txt'
INFO: 2022-01-07 02:02:08,310: log_options() 'quotes_font = Bitstream Charter 30'
INFO: 2022-01-07 02:02:08,310: log_options() 'quotes_hpos = 100'
INFO: 2022-01-07 02:02:08,310: log_options() 'quotes_max_length = 250'
INFO: 2022-01-07 02:02:08,310: log_options() 'quotes_tags = '
INFO: 2022-01-07 02:02:08,310: log_options() 'quotes_text_color = [255, 255, 255]'
INFO: 2022-01-07 02:02:08,310: log_options() 'quotes_text_shadow = False'
INFO: 2022-01-07 02:02:08,310: log_options() 'quotes_vpos = 40'
INFO: 2022-01-07 02:02:08,310: log_options() 'quotes_width = 70'
INFO: 2022-01-07 02:02:08,310: log_options() 'safe_mode = False'
INFO: 2022-01-07 02:02:08,310: log_options() 'slideshow_custom_enabled = False'
INFO: 2022-01-07 02:02:08,310: log_options() 'slideshow_custom_folder = /home/ar0177417/Pictures'
INFO: 2022-01-07 02:02:08,310: log_options() 'slideshow_downloads_enabled = False'
INFO: 2022-01-07 02:02:08,310: log_options() 'slideshow_fade = 0.4'
INFO: 2022-01-07 02:02:08,310: log_options() 'slideshow_favorites_enabled = True'
INFO: 2022-01-07 02:02:08,311: log_options() 'slideshow_mode = Fullscreen'
INFO: 2022-01-07 02:02:08,311: log_options() 'slideshow_monitor = All'
INFO: 2022-01-07 02:02:08,311: log_options() 'slideshow_pan = 0.05'
INFO: 2022-01-07 02:02:08,311: log_options() 'slideshow_seconds = 6.0'
INFO: 2022-01-07 02:02:08,311: log_options() 'slideshow_sort_order = Random'
INFO: 2022-01-07 02:02:08,311: log_options() 'slideshow_sources_enabled = True'
INFO: 2022-01-07 02:02:08,311: log_options() 'slideshow_zoom = 0.2'
INFO: 2022-01-07 02:02:08,311: log_options() 'smart_enabled = False'
INFO: 2022-01-07 02:02:08,311: log_options() 'smart_notice_shown = False'
INFO: 2022-01-07 02:02:08,311: log_options() 'smart_register_shown = False'
INFO: 2022-01-07 02:02:08,311: log_options() 'sources = [[True, 'favorites', 'The Favorites folder'], [True, 'fetched', 'The Fetched folder'], [True, 'folder', '/usr/share/backgrounds'], [True, 'flickr', 'user:www.flickr.com/photos/peter-levi/;user_id:93647178@N00;'], [True, 'apod', "NASA's Astronomy Picture of the Day"], [True, 'bing', 'Bing Photo of the Day'], [True, 'earthview', 'Google Earth View Wallpapers'], [True, 'unsplash', 'High-resolution photos from Unsplash.com']]'
INFO: 2022-01-07 02:02:08,312: log_options() 'stats_enabled = True'
INFO: 2022-01-07 02:02:08,312: log_options() 'stats_notice_shown = False'
INFO: 2022-01-07 02:02:08,312: log_options() 'sync_enabled = True'
INFO: 2022-01-07 02:02:08,312: log_options() 'use_landscape_enabled = True'
INFO: 2022-01-07 02:02:08,312: reload_config() 'No need to clear prepared queue'
INFO: 2022-01-07 02:02:08,312: update_indicator() 'Setting file info to: /home/ar0177417/.config/variety/Downloaded/flickr_user_www_flickr_com_photos_peter_levi__user_id_93647178_N00_/7527880556_4d7e22dcde_o.jpg'
INFO: 2022-01-07 02:02:08,412: load_last_change_time() 'Change interval < 6 hours, ignore persisted last_change_time, wait initially the whole interval: 300'
INFO: 2022-01-07 02:02:08,412: update_indicator() 'Setting file info to: /home/ar0177417/.config/variety/Downloaded/flickr_user_www_flickr_com_photos_peter_levi__user_id_93647178_N00_/7527880556_4d7e22dcde_o.jpg'
INFO: 2022-01-07 02:02:08,416: regular_change_thread() 'regular_change thread running'
INFO: 2022-01-07 02:02:08,417: prepare_thread() 'Prepare thread running'
INFO: 2022-01-07 02:02:08,417: get_throttling() 'Bing: parsing serverside options'
INFO: 2022-01-07 02:02:08,418: prepare_thread() 'Prepared buffer contains 0 images'
INFO: 2022-01-07 02:02:08,418: get_throttling() 'Could not parse Bing serverside options, using defaults None, None'
INFO: 2022-01-07 02:02:08,418: prepare_thread() 'Preparing some images'
INFO: 2022-01-07 02:02:08,419: get_throttling() 'Bing: parsing serverside options'
INFO: 2022-01-07 02:02:08,419: get_throttling() 'Could not parse Bing serverside options, using defaults None, None'
INFO: 2022-01-07 02:02:08,420: download_one() 'Bing: Downloading an image, config: None'
INFO: 2022-01-07 02:02:08,421: download_one() 'Bing: Queue size: 0'
INFO: 2022-01-07 02:02:08,421: get_throttling() 'Bing: parsing serverside options'
INFO: 2022-01-07 02:02:08,421: get_throttling() 'Could not parse Bing serverside options, using defaults None, None'
INFO: 2022-01-07 02:02:08,421: download_one() 'Bing: Filling queue'
INFO: 2022-01-07 02:02:08,422: update_indicator_icon() 'Creating indicator'
WARNING: 2022-01-07 02:02:08,436: create_menu() 'Variety Slideshow is not installed. This is an optional extension adding pan-and-zoom slideshows to Variety: see https://github.com/peterlevi/variety-slideshow for details'
INFO: 2022-01-07 02:02:08,437: create_indicator() 'indicator backend: AppIndicator3'
INFO: 2022-01-07 02:02:08,515: do_set_wp() 'Calling do_set_wp with /home/ar0177417/.config/variety/Downloaded/flickr_user_www_flickr_com_photos_peter_levi__user_id_93647178_N00_/7527880556_4d7e22dcde_o.jpg, time: 1641502928.5155032'
INFO: 2022-01-07 02:02:08,656: update_indicator() 'Setting file info to: /home/ar0177417/.config/variety/Downloaded/flickr_user_www_flickr_com_photos_peter_levi__user_id_93647178_N00_/7527880556_4d7e22dcde_o.jpg'
INFO: 2022-01-07 02:02:08,661: list_files() 'More than 1 files in the folders, stop listing'
INFO: 2022-01-07 02:02:09,236: set_from_theme_icon() 'Showing indicator icon variety-indicator from GTK theme'
INFO: 2022-01-07 02:02:09,957: download_one() 'Bing: Queue populated with 8 URLs'
INFO: 2022-01-07 02:02:09,958: save_locally() 'Origin URL: https://www.bing.com/search?q=lick+observatory+california&form=hpcapt&filters=HpDate%3a%2220220103_0800%22'
INFO: 2022-01-07 02:02:09,958: save_locally() 'Image URL: https://www.bing.com/th?id=OHR.LickObservatory_EN-US1062377366_1920x1080.jpg&rf=LaDigue_1920x1080.jpg&pid=hp'
INFO: 2022-01-07 02:02:09,958: save_locally() 'Local path: /home/ar0177417/.config/variety/Downloaded/Bing/OHR.LickObservatory_EN-US1062377366_1920x1080.jpg'
INFO: 2022-01-07 02:02:09,958: save_locally() 'File already exists, skip downloading'
INFO: 2022-01-07 02:02:10,960: get_throttling() 'Unsplash.com: parsing serverside options'
INFO: 2022-01-07 02:02:10,960: get_throttling() 'Could not parse Unsplash.com serverside options, using defaults 10, 1'
INFO: 2022-01-07 02:02:10,961: get_throttling() 'Unsplash.com: parsing serverside options'
INFO: 2022-01-07 02:02:10,961: get_throttling() 'Could not parse Unsplash.com serverside options, using defaults 10, 1'
INFO: 2022-01-07 02:02:10,961: download_one() 'Unsplash.com: Downloading an image, config: None'
INFO: 2022-01-07 02:02:10,962: download_one() 'Unsplash.com: Queue size: 0'
INFO: 2022-01-07 02:02:10,962: get_throttling() 'Unsplash.com: parsing serverside options'
INFO: 2022-01-07 02:02:10,962: get_throttling() 'Could not parse Unsplash.com serverside options, using defaults 10, 1'
INFO: 2022-01-07 02:02:10,962: download_one() 'Unsplash.com: Filling queue'
INFO: 2022-01-07 02:02:10,962: fill_queue() 'Filling Unsplash queue from https://api.unsplash.com/photos/random?count=30&client_id=072e5048dfcb73a8d9ad59fcf402471518ff8df725df462b0c4fa665f466515a&orientation=landscape'
INFO: 2022-01-07 02:02:11,262: prepare_thread() 'After search prepared buffer contains 54 images'
INFO: 2022-01-07 02:02:12,426: download_one() 'Unsplash.com: Queue populated with 30 URLs'
INFO: 2022-01-07 02:02:12,427: save_locally() 'Origin URL: https://unsplash.com/photos/Kdio_Qt7PM4?utm_source=Variety+Wallpaper+Changer&utm_medium=referral'
INFO: 2022-01-07 02:02:12,427: save_locally() 'Image URL: https://images.unsplash.com/photo-1638776617957-1357fda0aad0?crop=entropy&cs=srgb&fm=jpg&ixid=MnwxMjIxfDB8MXxyYW5kb218fHx8fHx8fHwxNjQxNDg0OTMx&ixlib=rb-1.2.1&q=85&w=1980'
INFO: 2022-01-07 02:02:12,427: save_locally() 'Local path: /home/ar0177417/.config/variety/Downloaded/Unsplash/photo-1638776617957-1357fda0aad0.jpg'
INFO: 2022-01-07 02:02:13,263: trigger_download() 'Triggering download thread to check if download needed'
INFO: 2022-01-07 02:02:13,794: reload() 'Reloading preferences dialog'
ERROR: 2022-01-07 02:02:13,794: get_xdg_pictures_folder() 'Could not get path to Pictures folder. Defaulting to ~/Pictures.'
Traceback (most recent call last):
  File "/usr/lib/python3.10/site-packages/variety/Util.py", line 794, in get_xdg_pictures_folder
    raise Exception("Could not get path to Pictures folder. Defaulting to ~/Pictures.")
Exception: Could not get path to Pictures folder. Defaulting to ~/Pictures.
ERROR: 2022-01-07 02:02:13,798: get_xdg_pictures_folder() 'Could not get path to Pictures folder. Defaulting to ~/Pictures.'
Traceback (most recent call last):
  File "/usr/lib/python3.10/site-packages/variety/Util.py", line 794, in get_xdg_pictures_folder
    raise Exception("Could not get path to Pictures folder. Defaulting to ~/Pictures.")
Exception: Could not get path to Pictures folder. Defaulting to ~/Pictures.
ERROR: 2022-01-07 02:02:13,804: get_xdg_pictures_folder() 'Could not get path to Pictures folder. Defaulting to ~/Pictures.'
Traceback (most recent call last):
  File "/usr/lib/python3.10/site-packages/variety/Util.py", line 794, in get_xdg_pictures_folder
    raise Exception("Could not get path to Pictures folder. Defaulting to ~/Pictures.")
Exception: Could not get path to Pictures folder. Defaulting to ~/Pictures.
INFO: 2022-01-07 02:02:15,521: save_locally() 'Download complete'
INFO: 2022-01-07 02:02:15,521: update_indicator() 'Setting file info to: /home/ar0177417/.config/variety/Downloaded/flickr_user_www_flickr_com_photos_peter_levi__user_id_93647178_N00_/7527880556_4d7e22dcde_o.jpg'
INFO: 2022-01-07 02:02:15,530: list_files() 'More than 1 files in the folders, stop listing'
INFO: 2022-01-07 02:02:15,531: download_one_from() 'Adding downloaded file /home/ar0177417/.config/variety/Downloaded/Unsplash/photo-1638776617957-1357fda0aad0.jpg to unseen_downloads'
INFO: 2022-01-07 02:02:16,534: get_throttling() 'Unsplash.com: parsing serverside options'
INFO: 2022-01-07 02:02:16,535: get_throttling() 'Could not parse Unsplash.com serverside options, using defaults 10, 1'
INFO: 2022-01-07 02:02:16,535: get_throttling() 'Unsplash.com: parsing serverside options'
INFO: 2022-01-07 02:02:16,535: get_throttling() 'Could not parse Unsplash.com serverside options, using defaults 10, 1'
INFO: 2022-01-07 02:02:16,536: download_one() 'Unsplash.com: Downloading an image, config: None'
INFO: 2022-01-07 02:02:16,536: download_one() 'Unsplash.com: Queue size: 29'
INFO: 2022-01-07 02:02:16,536: download_one() 'Unsplash.com: Queue populated with 29 URLs'
INFO: 2022-01-07 02:02:16,536: save_locally() 'Origin URL: https://unsplash.com/photos/k9JbLPrNySo?utm_source=Variety+Wallpaper+Changer&utm_medium=referral'
INFO: 2022-01-07 02:02:16,537: save_locally() 'Image URL: https://images.unsplash.com/photo-1640900725044-b21919a395e4?crop=entropy&cs=srgb&fm=jpg&ixid=MnwxMjIxfDB8MXxyYW5kb218fHx8fHx8fHwxNjQxNDg0OTMx&ixlib=rb-1.2.1&q=85&w=1980'
INFO: 2022-01-07 02:02:16,537: save_locally() 'Local path: /home/ar0177417/.config/variety/Downloaded/Unsplash/photo-1640900725044-b21919a395e4.jpg'
INFO: 2022-01-07 02:02:18,479: save_locally() 'Download complete'
INFO: 2022-01-07 02:02:18,480: update_indicator() 'Setting file info to: /home/ar0177417/.config/variety/Downloaded/flickr_user_www_flickr_com_photos_peter_levi__user_id_93647178_N00_/7527880556_4d7e22dcde_o.jpg'
INFO: 2022-01-07 02:02:18,487: list_files() 'More than 1 files in the folders, stop listing'
INFO: 2022-01-07 02:02:18,488: download_one_from() 'Adding downloaded file /home/ar0177417/.config/variety/Downloaded/Unsplash/photo-1640900725044-b21919a395e4.jpg to unseen_downloads'
INFO: 2022-01-07 02:02:19,490: get_throttling() 'Unsplash.com: parsing serverside options'
INFO: 2022-01-07 02:02:19,490: get_throttling() 'Could not parse Unsplash.com serverside options, using defaults 10, 1'
INFO: 2022-01-07 02:02:19,490: get_throttling() 'Unsplash.com: parsing serverside options'
INFO: 2022-01-07 02:02:19,491: get_throttling() 'Could not parse Unsplash.com serverside options, using defaults 10, 1'
INFO: 2022-01-07 02:02:19,491: download_one() 'Unsplash.com: Downloading an image, config: None'
INFO: 2022-01-07 02:02:19,491: download_one() 'Unsplash.com: Queue size: 28'
INFO: 2022-01-07 02:02:19,491: download_one() 'Unsplash.com: Queue populated with 28 URLs'
INFO: 2022-01-07 02:02:19,492: save_locally() 'Origin URL: https://unsplash.com/photos/2fTBwVNbZoQ?utm_source=Variety+Wallpaper+Changer&utm_medium=referral'
INFO: 2022-01-07 02:02:19,492: save_locally() 'Image URL: https://images.unsplash.com/photo-1640442132940-59709da5733c?crop=entropy&cs=srgb&fm=jpg&ixid=MnwxMjIxfDB8MXxyYW5kb218fHx8fHx8fHwxNjQxNDg0OTMx&ixlib=rb-1.2.1&q=85&w=1980'
INFO: 2022-01-07 02:02:19,492: save_locally() 'Local path: /home/ar0177417/.config/variety/Downloaded/Unsplash/photo-1640442132940-59709da5733c.jpg'
INFO: 2022-01-07 02:02:21,627: save_locally() 'Download complete'
INFO: 2022-01-07 02:02:21,627: update_indicator() 'Setting file info to: /home/ar0177417/.config/variety/Downloaded/flickr_user_www_flickr_com_photos_peter_levi__user_id_93647178_N00_/7527880556_4d7e22dcde_o.jpg'
INFO: 2022-01-07 02:02:21,635: list_files() 'More than 1 files in the folders, stop listing'
INFO: 2022-01-07 02:02:21,636: download_one_from() 'Adding downloaded file /home/ar0177417/.config/variety/Downloaded/Unsplash/photo-1640442132940-59709da5733c.jpg to unseen_downloads'
INFO: 2022-01-07 02:02:22,637: get_throttling() 'Unsplash.com: parsing serverside options'
INFO: 2022-01-07 02:02:22,638: get_throttling() 'Could not parse Unsplash.com serverside options, using defaults 10, 1'
INFO: 2022-01-07 02:02:22,638: get_throttling() 'Unsplash.com: parsing serverside options'
INFO: 2022-01-07 02:02:22,638: get_throttling() 'Could not parse Unsplash.com serverside options, using defaults 10, 1'
INFO: 2022-01-07 02:02:22,639: download_one() 'Unsplash.com: Downloading an image, config: None'
INFO: 2022-01-07 02:02:22,639: download_one() 'Unsplash.com: Queue size: 27'
INFO: 2022-01-07 02:02:22,639: download_one() 'Unsplash.com: Queue populated with 27 URLs'
INFO: 2022-01-07 02:02:22,639: save_locally() 'Origin URL: https://unsplash.com/photos/N_VtWoEPx8E?utm_source=Variety+Wallpaper+Changer&utm_medium=referral'
INFO: 2022-01-07 02:02:22,640: save_locally() 'Image URL: https://images.unsplash.com/photo-1639904507233-6f24129541cf?crop=entropy&cs=srgb&fm=jpg&ixid=MnwxMjIxfDB8MXxyYW5kb218fHx8fHx8fHwxNjQxNDg0OTMx&ixlib=rb-1.2.1&q=85&w=1980'
INFO: 2022-01-07 02:02:22,640: save_locally() 'Local path: /home/ar0177417/.config/variety/Downloaded/Unsplash/photo-1639904507233-6f24129541cf.jpg'
INFO: 2022-01-07 02:02:25,450: save_locally() 'Download complete'
INFO: 2022-01-07 02:02:25,450: update_indicator() 'Setting file info to: /home/ar0177417/.config/variety/Downloaded/flickr_user_www_flickr_com_photos_peter_levi__user_id_93647178_N00_/7527880556_4d7e22dcde_o.jpg'
INFO: 2022-01-07 02:02:25,453: list_files() 'More than 1 files in the folders, stop listing'
INFO: 2022-01-07 02:02:25,454: download_one_from() 'Adding downloaded file /home/ar0177417/.config/variety/Downloaded/Unsplash/photo-1639904507233-6f24129541cf.jpg to unseen_downloads'
INFO: 2022-01-07 02:02:26,455: get_throttling() 'Unsplash.com: parsing serverside options'
INFO: 2022-01-07 02:02:26,455: get_throttling() 'Could not parse Unsplash.com serverside options, using defaults 10, 1'
INFO: 2022-01-07 02:02:26,455: get_throttling() 'Unsplash.com: parsing serverside options'
INFO: 2022-01-07 02:02:26,456: get_throttling() 'Could not parse Unsplash.com serverside options, using defaults 10, 1'
INFO: 2022-01-07 02:02:26,456: download_one() 'Unsplash.com: Downloading an image, config: None'
INFO: 2022-01-07 02:02:26,456: download_one() 'Unsplash.com: Queue size: 26'
INFO: 2022-01-07 02:02:26,456: download_one() 'Unsplash.com: Queue populated with 26 URLs'
INFO: 2022-01-07 02:02:26,456: save_locally() 'Origin URL: https://unsplash.com/photos/nDBVEJPpWN8?utm_source=Variety+Wallpaper+Changer&utm_medium=referral'
INFO: 2022-01-07 02:02:26,457: save_locally() 'Image URL: https://images.unsplash.com/photo-1640502987719-4641e22ae964?crop=entropy&cs=srgb&fm=jpg&ixid=MnwxMjIxfDB8MXxyYW5kb218fHx8fHx8fHwxNjQxNDg0OTMx&ixlib=rb-1.2.1&q=85&w=1980'
INFO: 2022-01-07 02:02:26,457: save_locally() 'Local path: /home/ar0177417/.config/variety/Downloaded/Unsplash/photo-1640502987719-4641e22ae964.jpg'
INFO: 2022-01-07 02:02:28,109: save_locally() 'Download complete'
INFO: 2022-01-07 02:02:28,109: update_indicator() 'Setting file info to: /home/ar0177417/.config/variety/Downloaded/flickr_user_www_flickr_com_photos_peter_levi__user_id_93647178_N00_/7527880556_4d7e22dcde_o.jpg'
INFO: 2022-01-07 02:02:28,115: list_files() 'More than 1 files in the folders, stop listing'
INFO: 2022-01-07 02:02:28,116: download_one_from() 'Adding downloaded file /home/ar0177417/.config/variety/Downloaded/Unsplash/photo-1640502987719-4641e22ae964.jpg to unseen_downloads'
INFO: 2022-01-07 02:02:28,438: server_options_thread() 'Fetching server options from http://tiny.cc/variety-options-063'
INFO: 2022-01-07 02:02:31,215: server_options_thread() 'Fetched server options: {'flickr': {'min_fill_queue_interval': 1200, 'min_download_interval': 1200}, 'wallbase': {'min_fill_queue_interval': 1800, 'min_download_interval': 1800}, 'wallhaven': {'min_fill_queue_interval': 1800, 'min_download_interval': 1800}, 'wallpapers.net': {'min_fill_queue_interval': 601, 'min_download_interval': 0}, 'unsplash': {'min_fill_queue_interval': 20000000000, 'min_download_interval': 20000000000}, 'unsplash_v2': {'min_fill_queue_interval': 2000, 'min_download_interval': 1200}, 'status_message': {'0.0.1': '', '*': ''}}'
INFO: 2022-01-07 02:02:59,915: _check_quit() 'Terminating signal received, quitting...'
INFO: 2022-01-07 02:02:59,916: on_quit() 'Quitting'
